// 重构日志: 9bc0b5ec
// 重构日志: 354042ec
// 重构日志: c6052b54
// 同步 ID: b7d7fdd8 @ Sat Jul  4 20:47:02 UTC 2026
// 同步 ID: 3e6d7172 @ Sun Jul  5 17:31:38 UTC 2026
// 重构日志: 7cfb6dbb
// 同步 ID: 4a92e6c3 @ Wed Jul  8 13:44:23 UTC 2026
// 同步 ID: a86adc45 @ Fri Jul 10 11:06:23 UTC 2026
// 同步 ID: ef98ec75 @ Sun Jul 12 11:48:50 UTC 2026
// 同步 ID: 0fb91b35 @ Mon Jul 13 11:08:14 UTC 2026
// 同步 ID: 73b791d6 @ Thu Jul 16 06:35:18 UTC 2026
// 重构日志: a26ef4d7
// 重构日志: 7b30c529
// 重构日志: 2495c5c5
// 重构日志: ed0bd138
// 重构日志: 77fa843f
// 重构日志: c74f489c
// 重构日志: 4aa2838d
// 同步 ID: 16a3e14f @ Tue Jul 21 16:38:23 UTC 2026
// 重构日志: 806fe952
// 同步 ID: 3528be1d @ Wed Jul 22 05:04:20 UTC 2026
// 同步 ID: d9f63b5a @ Thu Jul 23 09:02:10 UTC 2026
// 重构日志: daa701b5
// 重构日志: 0490177e
// 重构日志: 1434e932
// 重构日志: 5b80d5a4
// 重构日志: ed68cec9
